#
# There is insufficient memory for the Java Runtime Environment to continue.
# Native memory allocation (mmap) failed to map 257949696 bytes. Error detail: G1 virtual space
# Possible reasons:
#   The system is out of physical RAM or swap space
#   This process is running with CompressedOops enabled, and the Java Heap may be blocking the growth of the native heap
# Possible solutions:
#   Reduce memory load on the system
#   Increase physical memory or swap space
#   Check if swap backing store is full
#   Decrease Java heap size (-Xmx/-Xms)
#   Decrease number of Java threads
#   Decrease Java thread stack sizes (-Xss)
#   Set larger code cache with -XX:ReservedCodeCacheSize=
#   JVM is running with Zero Based Compressed Oops mode in which the Java heap is
#     placed in the first 32GB address space. The Java Heap base address is the
#     maximum limit for the native heap growth. Please use -XX:HeapBaseMinAddress
#     to set the Java Heap base and to place the Java Heap above 32GB virtual address.
# This output file may be truncated or incomplete.
#
#  Out of Memory Error (os_windows.cpp:3828), pid=25456, tid=12112
#
# JRE version:  (21.0.5) (build )
# Java VM: OpenJDK 64-Bit Server VM (21.0.5+-13047016-b750.29, mixed mode, sharing, tiered, compressed oops, compressed class ptrs, g1 gc, windows-amd64)
# No core dump will be written. Minidumps are not enabled by default on client versions of Windows
#

---------------  S U M M A R Y ------------

Command Line: 

Host: AMD Ryzen 7 5800H with Radeon Graphics         , 16 cores, 15G,  Windows 11 , 64 bit Build 26100 (10.0.26100.4202)
Time: Tue Jun 24 21:46:17 2025 Hora est. Pacífico, Sudamérica elapsed time: 1.861909 seconds (0d 0h 0m 1s)

---------------  T H R E A D  ---------------

Current thread (0x00000198eac898c0):  JavaThread "Unknown thread" [_thread_in_vm, id=12112, stack(0x0000002b50c00000,0x0000002b50d00000) (1024K)]

Stack: [0x0000002b50c00000,0x0000002b50d00000]
Native frames: (J=compiled Java code, j=interpreted, Vv=VM code, C=native code)
V  [jvm.dll+0x6cfb29]
V  [jvm.dll+0x85df93]
V  [jvm.dll+0x8604ee]
V  [jvm.dll+0x860bd3]
V  [jvm.dll+0x27e6b6]
V  [jvm.dll+0x6cc385]
V  [jvm.dll+0x6c078a]
V  [jvm.dll+0x35525b]
V  [jvm.dll+0x35ceb6]
V  [jvm.dll+0x3aedd6]
V  [jvm.dll+0x3af0a8]
V  [jvm.dll+0x32792c]
V  [jvm.dll+0x32861b]
V  [jvm.dll+0x8259d9]
V  [jvm.dll+0x3bbfa8]
V  [jvm.dll+0x80ec88]
V  [jvm.dll+0x45015e]
V  [jvm.dll+0x4518c1]
C  [jli.dll+0x52ab]
C  [ucrtbase.dll+0x37b0]
C  [KERNEL32.DLL+0x2e8d7]
C  [ntdll.dll+0x3c34c]


---------------  P R O C E S S  ---------------

Threads class SMR info:
_java_thread_list=0x00007fffa0bd0808, length=0, elements={
}

Java Threads: ( => current thread )
Total: 0

Other Threads:
  0x00000198eaceaf80 WorkerThread "GC Thread#0"                     [id=18172, stack(0x0000002b50d00000,0x0000002b50e00000) (1024K)]
  0x00000198eacfbd30 ConcurrentGCThread "G1 Main Marker"            [id=17400, stack(0x0000002b50e00000,0x0000002b50f00000) (1024K)]
  0x00000198eacfe740 WorkerThread "G1 Conc#0"                       [id=9812, stack(0x0000002b50f00000,0x0000002b51000000) (1024K)]

[error occurred during error reporting (printing all threads), id 0xc0000005, EXCEPTION_ACCESS_VIOLATION (0xc0000005) at pc=0x00007fffa03ca967]
VM state: not at safepoint (not fully initialized)

VM Mutex/Monitor currently owned by a thread:  ([mutex/lock_event])
[0x00007fffa0c3d460] Heap_lock - owner thread: 0x00000198eac898c0

Heap address: 0x000000070a400000, size: 3932 MB, Compressed Oops mode: Zero based, Oop shift amount: 3

CDS archive(s) mapped at: [0x0000000000000000-0x0000000000000000-0x0000000000000000), size 0, SharedBaseAddress: 0x0000000800000000, ArchiveRelocationMode: 1.
Narrow klass base: 0x0000000000000000, Narrow klass shift: 0, Narrow klass range: 0x0

GC Precious Log:
 CardTable entry size: 512
 Card Set container configuration: InlinePtr #cards 4 size 8 Array Of Cards #cards 16 size 48 Howl #buckets 8 coarsen threshold 3686 Howl Bitmap #cards 512 size 80 coarsen threshold 460 Card regions per heap region 1 cards per card region 4096

Heap:
 garbage-first heap   total 0K, used 0K [0x000000070a400000, 0x0000000800000000)
  region size 2048K, 0 young (0K), 0 survivors (0K)
 Metaspace       used 0K, committed 0K, reserved 0K
  class space    used 0K, committed 0K, reserved 0K

Heap Regions: E=young(eden), S=young(survivor), O=old, HS=humongous(starts), HC=humongous(continues), CS=collection set, F=free, TAMS=top-at-mark-start, PB=parsable bottom

Card table byte_map: [0x00000198fde20000,0x00000198fe5d0000] _byte_map_base: 0x00000198fa5ce000

Marking Bits: (CMBitMap*) 0x00000198eaceb680
 Bits: [0x0000019880000000, 0x0000019883d70000)

GC Heap History (0 events):
No events

Dll operation events (1 events):
Event: 0.016 Loaded shared library C:\Program Files\Android\Android Studio1\jbr\bin\java.dll

Deoptimization events (0 events):
No events

Classes loaded (0 events):
No events

Classes unloaded (0 events):
No events

Classes redefined (0 events):
No events

Internal exceptions (0 events):
No events

ZGC Phase Switch (0 events):
No events

VM Operations (0 events):
No events

Memory protections (0 events):
No events

Nmethod flushes (0 events):
No events

Events (0 events):
No events


Dynamic libraries:
0x00007ff764000000 - 0x00007ff76400a000 	C:\Program Files\Android\Android Studio1\jbr\bin\java.EXE
0x00007ff807e00000 - 0x00007ff808065000 	C:\WINDOWS\SYSTEM32\ntdll.dll
0x00007ff806f30000 - 0x00007ff806ff9000 	C:\WINDOWS\System32\KERNEL32.DLL
0x00007ff805670000 - 0x00007ff805a58000 	C:\WINDOWS\System32\KERNELBASE.dll
0x00007ff8053a0000 - 0x00007ff8054eb000 	C:\WINDOWS\System32\ucrtbase.dll
0x00007ff800190000 - 0x00007ff8001ab000 	C:\Program Files\Android\Android Studio1\jbr\bin\VCRUNTIME140.dll
0x00007ff800120000 - 0x00007ff800138000 	C:\Program Files\Android\Android Studio1\jbr\bin\jli.dll
0x00007ff807bf0000 - 0x00007ff807dba000 	C:\WINDOWS\System32\USER32.dll
0x00007ff805640000 - 0x00007ff805667000 	C:\WINDOWS\System32\win32u.dll
0x00007fffed8f0000 - 0x00007fffedb8a000 	C:\WINDOWS\WinSxS\amd64_microsoft.windows.common-controls_6595b64144ccf1df_6.0.26100.4202_none_3e0698d4e335f517\COMCTL32.dll
0x00007ff805e50000 - 0x00007ff805e7b000 	C:\WINDOWS\System32\GDI32.dll
0x00007ff806650000 - 0x00007ff8066f9000 	C:\WINDOWS\System32\msvcrt.dll
0x00007ff805a60000 - 0x00007ff805b97000 	C:\WINDOWS\System32\gdi32full.dll
0x00007ff804f50000 - 0x00007ff804ff3000 	C:\WINDOWS\System32\msvcp_win.dll
0x00007ff805ba0000 - 0x00007ff805bd0000 	C:\WINDOWS\System32\IMM32.DLL
0x00007ff8002b0000 - 0x00007ff8002bc000 	C:\Program Files\Android\Android Studio1\jbr\bin\vcruntime140_1.dll
0x00007fffd08c0000 - 0x00007fffd094d000 	C:\Program Files\Android\Android Studio1\jbr\bin\msvcp140.dll
0x00007fffa0090000 - 0x00007fffa0d1a000 	C:\Program Files\Android\Android Studio1\jbr\bin\server\jvm.dll
0x00007ff807420000 - 0x00007ff8074d3000 	C:\WINDOWS\System32\ADVAPI32.dll
0x00007ff805c40000 - 0x00007ff805ce6000 	C:\WINDOWS\System32\sechost.dll
0x00007ff8067c0000 - 0x00007ff8068d5000 	C:\WINDOWS\System32\RPCRT4.dll
0x00007ff806eb0000 - 0x00007ff806f24000 	C:\WINDOWS\System32\WS2_32.dll
0x00007ff804dc0000 - 0x00007ff804e1e000 	C:\WINDOWS\SYSTEM32\POWRPROF.dll
0x00007ffffcac0000 - 0x00007ffffcaf5000 	C:\WINDOWS\SYSTEM32\WINMM.dll
0x00007ffffcb00000 - 0x00007ffffcb0b000 	C:\WINDOWS\SYSTEM32\VERSION.dll
0x00007ff804da0000 - 0x00007ff804db4000 	C:\WINDOWS\SYSTEM32\UMPDC.dll
0x00007ff803d10000 - 0x00007ff803d2b000 	C:\WINDOWS\SYSTEM32\kernel.appcore.dll
0x00007ffff5a60000 - 0x00007ffff5a6a000 	C:\Program Files\Android\Android Studio1\jbr\bin\jimage.dll
0x00007ffff7960000 - 0x00007ffff7ba1000 	C:\WINDOWS\SYSTEM32\DBGHELP.DLL
0x00007ff8068e0000 - 0x00007ff806c65000 	C:\WINDOWS\System32\combase.dll
0x00007ff807660000 - 0x00007ff807741000 	C:\WINDOWS\System32\OLEAUT32.dll
0x00007fffdc380000 - 0x00007fffdc3b9000 	C:\WINDOWS\SYSTEM32\dbgcore.DLL
0x00007ff805300000 - 0x00007ff805399000 	C:\WINDOWS\System32\bcryptPrimitives.dll
0x00007ffff5a40000 - 0x00007ffff5a60000 	C:\Program Files\Android\Android Studio1\jbr\bin\java.dll

dbghelp: loaded successfully - version: 4.0.5 - missing functions: none
symbol engine: initialized successfully - sym options: 0x614 - pdb path: .;C:\Program Files\Android\Android Studio1\jbr\bin;C:\WINDOWS\SYSTEM32;C:\WINDOWS\WinSxS\amd64_microsoft.windows.common-controls_6595b64144ccf1df_6.0.26100.4202_none_3e0698d4e335f517;C:\Program Files\Android\Android Studio1\jbr\bin\server

VM Arguments:
java_command: <unknown>
java_class_path (initial): <not set>
Launcher Type: SUN_STANDARD

[Global flags]
     intx CICompilerCount                          = 12                                        {product} {ergonomic}
     uint ConcGCThreads                            = 3                                         {product} {ergonomic}
     uint G1ConcRefinementThreads                  = 13                                        {product} {ergonomic}
   size_t G1HeapRegionSize                         = 2097152                                   {product} {ergonomic}
    uintx GCDrainStackTargetSize                   = 64                                        {product} {ergonomic}
   size_t InitialHeapSize                          = 257949696                                 {product} {ergonomic}
   size_t MarkStackSize                            = 4194304                                   {product} {ergonomic}
   size_t MaxHeapSize                              = 4123000832                                {product} {ergonomic}
   size_t MinHeapDeltaBytes                        = 2097152                                   {product} {ergonomic}
   size_t MinHeapSize                              = 8388608                                   {product} {ergonomic}
    uintx NonNMethodCodeHeapSize                   = 7602480                                {pd product} {ergonomic}
    uintx NonProfiledCodeHeapSize                  = 122027880                              {pd product} {ergonomic}
    uintx ProfiledCodeHeapSize                     = 122027880                              {pd product} {ergonomic}
    uintx ReservedCodeCacheSize                    = 251658240                              {pd product} {ergonomic}
     bool SegmentedCodeCache                       = true                                      {product} {ergonomic}
   size_t SoftMaxHeapSize                          = 4123000832                             {manageable} {ergonomic}
     bool UseCompressedOops                        = true                           {product lp64_product} {ergonomic}
     bool UseG1GC                                  = true                                      {product} {ergonomic}
     bool UseLargePagesIndividualAllocation        = false                                  {pd product} {ergonomic}

Logging:
Log output configuration:
 #0: stdout all=warning uptime,level,tags foldmultilines=false
 #1: stderr all=off uptime,level,tags foldmultilines=false

Environment Variables:
JAVA_HOME=C:\Program Files\Java\jdk-17
PATH=C:\dev\flutter\bin\;C:\Program Files\Common Files\Oracle\Java\javapath;C:\Program Files\Microsoft MPI\Bin\;C:\Program Files\Rockwell Software\RSCommon;C:\Windows\system32;C:\Windows;C:\Windows\System32\Wbem;C:\Windows\System32\WindowsPowerShell\v1.0\;C:\Windows\System32\OpenSSH\;C:\Program Files (x86)\NVIDIA Corporation\PhysX\Common;C:\Program Files\dotnet\;C:\WINDOWS\system32;C:\WINDOWS;C:\WINDOWS\System32\Wbem;C:\WINDOWS\System32\WindowsPowerShell\v1.0\;C:\WINDOWS\System32\OpenSSH\;C:\Program Files (x86)\Common Files\Rockwell;C:\dev\flutter\bin;C:\Program Files (x86)\Microsoft SQL Server\160\Tools\Binn\;C:\Program Files\Microsoft SQL Server\160\Tools\Binn\;C:\Program Files\Microsoft SQL Server\Client SDK\ODBC\170\Tools\Binn\;C:\Program Files\Microsoft SQL Server\160\DTS\Binn\;C:\Program Files\Microsoft SQL Server\130\DTS\Binn\;C:\Program Files\Microsoft SQL Server\140\DTS\Binn\;C:\Program Files\Microsoft SQL Server\150\DTS\Binn\;C:\Program Files\nodejs\;C:\Program Files\Microsoft SQL Server\170\DTS\Binn\;C:\Program Files (x86)\Windows Kits\10\Windows Performance Toolkit\;C:\Program Files (x86)\Microsoft SQL Server\160\DTS\Binn\;C:\Program Files\Microsoft SQL Server\150\Tools\Binn\;C:\Program Files\Java\jdk-17\bin;C:\Users\RENESAIGUA\AppData\Local\Programs\Python\Python313\Scripts\;C:\Users\RENESAIGUA\AppData\Local\Programs\Microsoft VS Code\bin;C:\Users\RENE SAIGUA\AppData\Local\Programs\Microsoft VS Code\bin;C:\Users\RENE SAIGUA\AppData\Local\Muse Hub\lib;C:\Program Files\Java\jdk-17\bin;;C:\dev\flutter\bin\mingit\cmd
USERNAME=RENE SAIGUA
LANG=en_US.UTF-8
OS=Windows_NT
PROCESSOR_IDENTIFIER=AMD64 Family 25 Model 80 Stepping 0, AuthenticAMD
TMP=C:\Users\RENESA~1\AppData\Local\Temp
TEMP=C:\Users\RENESA~1\AppData\Local\Temp




Periodic native trim disabled

JNI global refs:
JNI global refs: 0, weak refs: 0

JNI global refs memory usage: 0, weak refs: 0

Process memory usage:
Resident Set Size: 13040K (0% of 16097532K total physical memory with 1068384K free physical memory)

OOME stack traces (most recent first):
Classloader memory used:

---------------  S Y S T E M  ---------------

OS:
 Windows 11 , 64 bit Build 26100 (10.0.26100.4202)
OS uptime: 0 days 1:41 hours
Hyper-V role detected

CPU: total 16 (initial active 16) (16 cores per cpu, 2 threads per core) family 25 model 80 stepping 0 microcode 0xa50000f, cx8, cmov, fxsr, ht, mmx, 3dnowpref, sse, sse2, sse3, ssse3, sse4a, sse4.1, sse4.2, popcnt, lzcnt, tsc, tscinvbit, avx, avx2, aes, erms, clmul, bmi1, bmi2, adx, sha, fma, vzeroupper, clflush, clflushopt, hv, rdtscp, rdpid, fsrm, f16c, cet_ss
Processor Information for all 16 processors :
  Max Mhz: 3201, Current Mhz: 3201, Mhz Limit: 3201

Memory: 4k page, system-wide physical 15720M (1043M free)
TotalPageFile size 20720M (AvailPageFile size 29M)
current process WorkingSet (physical memory assigned to process): 12M, peak: 12M
current process commit charge ("private bytes"): 70M, peak: 316M

vm_info: OpenJDK 64-Bit Server VM (21.0.5+-13047016-b750.29) for windows-amd64 JRE (21.0.5+-13047016-b750.29), built on 2025-02-11T21:12:39Z by "builder" with MS VC++ 16.10 / 16.11 (VS2019)

END.
